# JRE version: Java(TM) SE Runtime Environment (8.0_212-b10) (build 1.8.0_212-b10)
# Java VM: Java HotSpot(TM) 64-Bit Server VM (25.212-b10 mixed mode windows-amd64 compressed oops)
Heap:
 PSYoungGen      total 314880K, used 32621K [0x000000076ba00000, 0x000000077f800000, 0x00000007c0000000)
  eden space 304128K, 10% used [0x000000076ba00000,0x000000076d9db4c8,0x000000077e300000)
  from space 10752K, 0% used [0x000000077ed80000,0x000000077ed80000,0x000000077f800000)
  to   space 10752K, 0% used [0x000000077e300000,0x000000077e300000,0x000000077ed80000)
 ParOldGen       total 139776K, used 20174K [0x00000006c2e00000, 0x00000006cb680000, 0x000000076ba00000)
  object space 139776K, 14% used [0x00000006c2e00000,0x00000006c41b3858,0x00000006cb680000)
 Metaspace       used 34600K, capacity 35053K, committed 35628K, reserved 1079296K
  class space    used 4743K, capacity 4927K, committed 4992K, reserved 1048576K
GC Heap History (10 events):
Event: 4.623 GC heap before
{Heap before GC invocations=29 (full 13):
 PSYoungGen      total 314880K, used 10217K [0x000000076ba00000, 0x000000077f800000, 0x00000007c0000000)
  eden space 304128K, 0% used [0x000000076ba00000,0x000000076ba00000,0x000000077e300000)
  from space 10752K, 95% used [0x000000077ed80000,0x000000077f77a7e0,0x000000077f800000)
  to   space 10752K, 0% used [0x000000077e300000,0x000000077e300000,0x000000077ed80000)
 ParOldGen       total 139776K, used 14640K [0x00000006c2e00000, 0x00000006cb680000, 0x000000076ba00000)
  object space 139776K, 10% used [0x00000006c2e00000,0x00000006c3c4c120,0x00000006cb680000)
 Metaspace       used 33591K, capacity 34029K, committed 34348K, reserved 1079296K
  class space    used 4575K, capacity 4735K, committed 4736K, reserved 1048576K
Event: 4.757 GC heap after
Heap after GC invocations=29 (full 13):
 PSYoungGen      total 314880K, used 0K [0x000000076ba00000, 0x000000077f800000, 0x00000007c0000000)
  eden space 304128K, 0% used [0x000000076ba00000,0x000000076ba00000,0x000000077e300000)
  from space 10752K, 0% used [0x000000077ed80000,0x000000077ed80000,0x000000077f800000)
  to   space 10752K, 0% used [0x000000077e300000,0x000000077e300000,0x000000077ed80000)
 ParOldGen       total 139776K, used 24109K [0x00000006c2e00000, 0x00000006cb680000, 0x000000076ba00000)
  object space 139776K, 17% used [0x00000006c2e00000,0x00000006c458b5e0,0x00000006cb680000)
 Metaspace       used 33591K, capacity 34029K, committed 34348K, reserved 1079296K
  class space    used 4575K, capacity 4735K, committed 4736K, reserved 1048576K
}
Event: 4.803 GC heap before
{Heap before GC invocations=30 (full 13):
 PSYoungGen      total 314880K, used 5711K [0x000000076ba00000, 0x000000077f800000, 0x00000007c0000000)
  eden space 304128K, 1% used [0x000000076ba00000,0x000000076bf93c28,0x000000077e300000)
  from space 10752K, 0% used [0x000000077ed80000,0x000000077ed80000,0x000000077f800000)
  to   space 10752K, 0% used [0x000000077e300000,0x000000077e300000,0x000000077ed80000)
 ParOldGen       total 139776K, used 24109K [0x00000006c2e00000, 0x00000006cb680000, 0x000000076ba00000)
  object space 139776K, 17% used [0x00000006c2e00000,0x00000006c458b5e0,0x00000006cb680000)
 Metaspace       used 33591K, capacity 34029K, committed 34348K, reserved 1079296K
  class space    used 4575K, capacity 4735K, committed 4736K, reserved 1048576K
Event: 4.804 GC heap after
Heap after GC invocations=30 (full 13):
 PSYoungGen      total 314880K, used 96K [0x000000076ba00000, 0x000000077f800000, 0x00000007c0000000)
  eden space 304128K, 0% used [0x000000076ba00000,0x000000076ba00000,0x000000077e300000)
  from space 10752K, 0% used [0x000000077e300000,0x000000077e318000,0x000000077ed80000)
  to   space 10752K, 0% used [0x000000077ed80000,0x000000077ed80000,0x000000077f800000)
 ParOldGen       total 139776K, used 24109K [0x00000006c2e00000, 0x00000006cb680000, 0x000000076ba00000)
  object space 139776K, 17% used [0x00000006c2e00000,0x00000006c458b5e0,0x00000006cb680000)
 Metaspace       used 33591K, capacity 34029K, committed 34348K, reserved 1079296K
  class space    used 4575K, capacity 4735K, committed 4736K, reserved 1048576K
}
Event: 4.804 GC heap before
{Heap before GC invocations=31 (full 14):
 PSYoungGen      total 314880K, used 96K [0x000000076ba00000, 0x000000077f800000, 0x00000007c0000000)
  eden space 304128K, 0% used [0x000000076ba00000,0x000000076ba00000,0x000000077e300000)
  from space 10752K, 0% used [0x000000077e300000,0x000000077e318000,0x000000077ed80000)
  to   space 10752K, 0% used [0x000000077ed80000,0x000000077ed80000,0x000000077f800000)
 ParOldGen       total 139776K, used 24109K [0x00000006c2e00000, 0x00000006cb680000, 0x000000076ba00000)
  object space 139776K, 17% used [0x00000006c2e00000,0x00000006c458b5e0,0x00000006cb680000)
 Metaspace       used 33591K, capacity 34029K, committed 34348K, reserved 1079296K
  class space    used 4575K, capacity 4735K, committed 4736K, reserved 1048576K
Event: 4.881 GC heap after
Heap after GC invocations=31 (full 14):
 PSYoungGen      total 314880K, used 0K [0x000000076ba00000, 0x000000077f800000, 0x00000007c0000000)
  eden space 304128K, 0% used [0x000000076ba00000,0x000000076ba00000,0x000000077e300000)
  from space 10752K, 0% used [0x000000077e300000,0x000000077e300000,0x000000077ed80000)
  to   space 10752K, 0% used [0x000000077ed80000,0x000000077ed80000,0x000000077f800000)
 ParOldGen       total 139776K, used 19196K [0x00000006c2e00000, 0x00000006cb680000, 0x000000076ba00000)
  object space 139776K, 13% used [0x00000006c2e00000,0x00000006c40bf340,0x00000006cb680000)
 Metaspace       used 33591K, capacity 34029K, committed 34348K, reserved 1079296K
  class space    used 4575K, capacity 4735K, committed 4736K, reserved 1048576K
}
Event: 5.003 GC heap before
{Heap before GC invocations=32 (full 14):
 PSYoungGen      total 314880K, used 18175K [0x000000076ba00000, 0x000000077f800000, 0x00000007c0000000)
  eden space 304128K, 5% used [0x000000076ba00000,0x000000076cbbfd00,0x000000077e300000)
  from space 10752K, 0% used [0x000000077e300000,0x000000077e300000,0x000000077ed80000)
  to   space 10752K, 0% used [0x000000077ed80000,0x000000077ed80000,0x000000077f800000)
 ParOldGen       total 139776K, used 19196K [0x00000006c2e00000, 0x00000006cb680000, 0x000000076ba00000)
  object space 139776K, 13% used [0x00000006c2e00000,0x00000006c40bf340,0x00000006cb680000)
 Metaspace       used 34551K, capacity 35021K, committed 35628K, reserved 1079296K
  class space    used 4734K, capacity 4895K, committed 4992K, reserved 1048576K
Event: 5.005 GC heap after
Heap after GC invocations=32 (full 14):
 PSYoungGen      total 314880K, used 1197K [0x000000076ba00000, 0x000000077f800000, 0x00000007c0000000)
  eden space 304128K, 0% used [0x000000076ba00000,0x000000076ba00000,0x000000077e300000)
  from space 10752K, 11% used [0x000000077ed80000,0x000000077eeab6b0,0x000000077f800000)
  to   space 10752K, 0% used [0x000000077e300000,0x000000077e300000,0x000000077ed80000)
 ParOldGen       total 139776K, used 19196K [0x00000006c2e00000, 0x00000006cb680000, 0x000000076ba00000)
  object space 139776K, 13% used [0x00000006c2e00000,0x00000006c40bf340,0x00000006cb680000)
 Metaspace       used 34551K, capacity 35021K, committed 35628K, reserved 1079296K
  class space    used 4734K, capacity 4895K, committed 4992K, reserved 1048576K
}
Event: 5.005 GC heap before
{Heap before GC invocations=33 (full 15):
 PSYoungGen      total 314880K, used 1197K [0x000000076ba00000, 0x000000077f800000, 0x00000007c0000000)
  eden space 304128K, 0% used [0x000000076ba00000,0x000000076ba00000,0x000000077e300000)
  from space 10752K, 11% used [0x000000077ed80000,0x000000077eeab6b0,0x000000077f800000)
  to   space 10752K, 0% used [0x000000077e300000,0x000000077e300000,0x000000077ed80000)
 ParOldGen       total 139776K, used 19196K [0x00000006c2e00000, 0x00000006cb680000, 0x000000076ba00000)
  object space 139776K, 13% used [0x00000006c2e00000,0x00000006c40bf340,0x00000006cb680000)
 Metaspace       used 34551K, capacity 35021K, committed 35628K, reserved 1079296K
  class space    used 4734K, capacity 4895K, committed 4992K, reserved 1048576K
Event: 5.145 GC heap after
Heap after GC invocations=33 (full 15):
 PSYoungGen      total 314880K, used 0K [0x000000076ba00000, 0x000000077f800000, 0x00000007c0000000)
  eden space 304128K, 0% used [0x000000076ba00000,0x000000076ba00000,0x000000077e300000)
  from space 10752K, 0% used [0x000000077ed80000,0x000000077ed80000,0x000000077f800000)
  to   space 10752K, 0% used [0x000000077e300000,0x000000077e300000,0x000000077ed80000)
 ParOldGen       total 139776K, used 20174K [0x00000006c2e00000, 0x00000006cb680000, 0x000000076ba00000)
  object space 139776K, 14% used [0x00000006c2e00000,0x00000006c41b3858,0x00000006cb680000)
 Metaspace       used 34551K, capacity 35021K, committed 35628K, reserved 1079296K
  class space    used 4734K, capacity 4895K, committed 4992K, reserved 1048576K
}

