# JRE version: Java(TM) SE Runtime Environment (8.0_212-b10) (build 1.8.0_212-b10)
# Java VM: Java HotSpot(TM) 64-Bit Server VM (25.212-b10 mixed mode windows-amd64 compressed oops)
Heap:
 PSYoungGen      total 75776K, used 4735K [0x000000076ba00000, 0x0000000770e80000, 0x00000007c0000000)
  eden space 65024K, 7% used [0x000000076ba00000,0x000000076be9fc60,0x000000076f980000)
  from space 10752K, 0% used [0x000000076f980000,0x000000076f980000,0x0000000770400000)
  to   space 10752K, 0% used [0x0000000770400000,0x0000000770400000,0x0000000770e80000)
 ParOldGen       total 173568K, used 4885K [0x00000006c2e00000, 0x00000006cd780000, 0x000000076ba00000)
  object space 173568K, 2% used [0x00000006c2e00000,0x00000006c32c54f0,0x00000006cd780000)
 Metaspace       used 6431K, capacity 6630K, committed 6784K, reserved 1056768K
  class space    used 753K, capacity 835K, committed 896K, reserved 1048576K
GC Heap History (10 events):
Event: 1.205 GC heap before
{Heap before GC invocations=2 (full 1):
 PSYoungGen      total 75776K, used 5058K [0x000000076ba00000, 0x0000000770e80000, 0x00000007c0000000)
  eden space 65024K, 0% used [0x000000076ba00000,0x000000076ba00000,0x000000076f980000)
  from space 10752K, 47% used [0x000000076f980000,0x000000076fe70a88,0x0000000770400000)
  to   space 10752K, 0% used [0x0000000770400000,0x0000000770400000,0x0000000770e80000)
 ParOldGen       total 173568K, used 8K [0x00000006c2e00000, 0x00000006cd780000, 0x000000076ba00000)
  object space 173568K, 0% used [0x00000006c2e00000,0x00000006c2e02000,0x00000006cd780000)
 Metaspace       used 4417K, capacity 4770K, committed 4992K, reserved 1056768K
  class space    used 472K, capacity 529K, committed 640K, reserved 1048576K
Event: 1.213 GC heap after
Heap after GC invocations=2 (full 1):
 PSYoungGen      total 75776K, used 0K [0x000000076ba00000, 0x0000000770e80000, 0x00000007c0000000)
  eden space 65024K, 0% used [0x000000076ba00000,0x000000076ba00000,0x000000076f980000)
  from space 10752K, 0% used [0x000000076f980000,0x000000076f980000,0x0000000770400000)
  to   space 10752K, 0% used [0x0000000770400000,0x0000000770400000,0x0000000770e80000)
 ParOldGen       total 173568K, used 4742K [0x00000006c2e00000, 0x00000006cd780000, 0x000000076ba00000)
  object space 173568K, 2% used [0x00000006c2e00000,0x00000006c32a1ba8,0x00000006cd780000)
 Metaspace       used 4417K, capacity 4770K, committed 4992K, reserved 1056768K
  class space    used 472K, capacity 529K, committed 640K, reserved 1048576K
}
Event: 1.242 GC heap before
{Heap before GC invocations=3 (full 1):
 PSYoungGen      total 75776K, used 3217K [0x000000076ba00000, 0x0000000770e80000, 0x00000007c0000000)
  eden space 65024K, 4% used [0x000000076ba00000,0x000000076bd246c8,0x000000076f980000)
  from space 10752K, 0% used [0x000000076f980000,0x000000076f980000,0x0000000770400000)
  to   space 10752K, 0% used [0x0000000770400000,0x0000000770400000,0x0000000770e80000)
 ParOldGen       total 173568K, used 4742K [0x00000006c2e00000, 0x00000006cd780000, 0x000000076ba00000)
  object space 173568K, 2% used [0x00000006c2e00000,0x00000006c32a1ba8,0x00000006cd780000)
 Metaspace       used 4424K, capacity 4770K, committed 4992K, reserved 1056768K
  class space    used 472K, capacity 529K, committed 640K, reserved 1048576K
Event: 1.242 GC heap after
Heap after GC invocations=3 (full 1):
 PSYoungGen      total 75776K, used 64K [0x000000076ba00000, 0x0000000770e80000, 0x00000007c0000000)
  eden space 65024K, 0% used [0x000000076ba00000,0x000000076ba00000,0x000000076f980000)
  from space 10752K, 0% used [0x0000000770400000,0x0000000770410000,0x0000000770e80000)
  to   space 10752K, 0% used [0x000000076f980000,0x000000076f980000,0x0000000770400000)
 ParOldGen       total 173568K, used 4750K [0x00000006c2e00000, 0x00000006cd780000, 0x000000076ba00000)
  object space 173568K, 2% used [0x00000006c2e00000,0x00000006c32a3ba8,0x00000006cd780000)
 Metaspace       used 4424K, capacity 4770K, committed 4992K, reserved 1056768K
  class space    used 472K, capacity 529K, committed 640K, reserved 1048576K
}
Event: 1.242 GC heap before
{Heap before GC invocations=4 (full 2):
 PSYoungGen      total 75776K, used 64K [0x000000076ba00000, 0x0000000770e80000, 0x00000007c0000000)
  eden space 65024K, 0% used [0x000000076ba00000,0x000000076ba00000,0x000000076f980000)
  from space 10752K, 0% used [0x0000000770400000,0x0000000770410000,0x0000000770e80000)
  to   space 10752K, 0% used [0x000000076f980000,0x000000076f980000,0x0000000770400000)
 ParOldGen       total 173568K, used 4750K [0x00000006c2e00000, 0x00000006cd780000, 0x000000076ba00000)
  object space 173568K, 2% used [0x00000006c2e00000,0x00000006c32a3ba8,0x00000006cd780000)
 Metaspace       used 4424K, capacity 4770K, committed 4992K, reserved 1056768K
  class space    used 472K, capacity 529K, committed 640K, reserved 1048576K
Event: 1.275 GC heap after
Heap after GC invocations=4 (full 2):
 PSYoungGen      total 75776K, used 0K [0x000000076ba00000, 0x0000000770e80000, 0x00000007c0000000)
  eden space 65024K, 0% used [0x000000076ba00000,0x000000076ba00000,0x000000076f980000)
  from space 10752K, 0% used [0x0000000770400000,0x0000000770400000,0x0000000770e80000)
  to   space 10752K, 0% used [0x000000076f980000,0x000000076f980000,0x0000000770400000)
 ParOldGen       total 173568K, used 3280K [0x00000006c2e00000, 0x00000006cd780000, 0x000000076ba00000)
  object space 173568K, 1% used [0x00000006c2e00000,0x00000006c31342f8,0x00000006cd780000)
 Metaspace       used 4424K, capacity 4770K, committed 4992K, reserved 1056768K
  class space    used 472K, capacity 529K, committed 640K, reserved 1048576K
}
Event: 1.495 GC heap before
{Heap before GC invocations=5 (full 2):
 PSYoungGen      total 75776K, used 27357K [0x000000076ba00000, 0x0000000770e80000, 0x00000007c0000000)
  eden space 65024K, 42% used [0x000000076ba00000,0x000000076d4b7780,0x000000076f980000)
  from space 10752K, 0% used [0x0000000770400000,0x0000000770400000,0x0000000770e80000)
  to   space 10752K, 0% used [0x000000076f980000,0x000000076f980000,0x0000000770400000)
 ParOldGen       total 173568K, used 3280K [0x00000006c2e00000, 0x00000006cd780000, 0x000000076ba00000)
  object space 173568K, 1% used [0x00000006c2e00000,0x00000006c31342f8,0x00000006cd780000)
 Metaspace       used 6414K, capacity 6630K, committed 6784K, reserved 1056768K
  class space    used 750K, capacity 835K, committed 896K, reserved 1048576K
Event: 1.496 GC heap after
Heap after GC invocations=5 (full 2):
 PSYoungGen      total 75776K, used 1794K [0x000000076ba00000, 0x0000000770e80000, 0x00000007c0000000)
  eden space 65024K, 0% used [0x000000076ba00000,0x000000076ba00000,0x000000076f980000)
  from space 10752K, 16% used [0x000000076f980000,0x000000076fb40af8,0x0000000770400000)
  to   space 10752K, 0% used [0x0000000770400000,0x0000000770400000,0x0000000770e80000)
 ParOldGen       total 173568K, used 3288K [0x00000006c2e00000, 0x00000006cd780000, 0x000000076ba00000)
  object space 173568K, 1% used [0x00000006c2e00000,0x00000006c31362f8,0x00000006cd780000)
 Metaspace       used 6414K, capacity 6630K, committed 6784K, reserved 1056768K
  class space    used 750K, capacity 835K, committed 896K, reserved 1048576K
}
Event: 1.496 GC heap before
{Heap before GC invocations=6 (full 3):
 PSYoungGen      total 75776K, used 1794K [0x000000076ba00000, 0x0000000770e80000, 0x00000007c0000000)
  eden space 65024K, 0% used [0x000000076ba00000,0x000000076ba00000,0x000000076f980000)
  from space 10752K, 16% used [0x000000076f980000,0x000000076fb40af8,0x0000000770400000)
  to   space 10752K, 0% used [0x0000000770400000,0x0000000770400000,0x0000000770e80000)
 ParOldGen       total 173568K, used 3288K [0x00000006c2e00000, 0x00000006cd780000, 0x000000076ba00000)
  object space 173568K, 1% used [0x00000006c2e00000,0x00000006c31362f8,0x00000006cd780000)
 Metaspace       used 6414K, capacity 6630K, committed 6784K, reserved 1056768K
  class space    used 750K, capacity 835K, committed 896K, reserved 1048576K
Event: 1.525 GC heap after
Heap after GC invocations=6 (full 3):
 PSYoungGen      total 75776K, used 0K [0x000000076ba00000, 0x0000000770e80000, 0x00000007c0000000)
  eden space 65024K, 0% used [0x000000076ba00000,0x000000076ba00000,0x000000076f980000)
  from space 10752K, 0% used [0x000000076f980000,0x000000076f980000,0x0000000770400000)
  to   space 10752K, 0% used [0x0000000770400000,0x0000000770400000,0x0000000770e80000)
 ParOldGen       total 173568K, used 4885K [0x00000006c2e00000, 0x00000006cd780000, 0x000000076ba00000)
  object space 173568K, 2% used [0x00000006c2e00000,0x00000006c32c54f0,0x00000006cd780000)
 Metaspace       used 6414K, capacity 6630K, committed 6784K, reserved 1056768K
  class space    used 750K, capacity 835K, committed 896K, reserved 1048576K
}

